Wed May 18 10:56:02 2022       
+-----------------------------------------------------------------------------+
| NVIDIA-SMI 460.84       Driver Version: 460.84       CUDA Version: 11.2     |
|-------------------------------+----------------------+----------------------+
| GPU  Name        Persistence-M| Bus-Id        Disp.A | Volatile Uncorr. ECC |
| Fan  Temp  Perf  Pwr:Usage/Cap|         Memory-Usage | GPU-Util  Compute M. |
|                               |                      |               MIG M. |
|===============================+======================+======================|
|   0  Tesla V100-SXM2...  On   | 00000000:06:00.0 Off |                    0 |
| N/A   33C    P0    43W / 163W |      0MiB / 32510MiB |      0%      Default |
|                               |                      |                  N/A |
+-------------------------------+----------------------+----------------------+
|   1  Tesla V100-SXM2...  On   | 00000000:07:00.0 Off |                    0 |
| N/A   31C    P0    41W / 163W |      0MiB / 32510MiB |      0%      Default |
|                               |                      |                  N/A |
+-------------------------------+----------------------+----------------------+
                                                                               
+-----------------------------------------------------------------------------+
| Processes:                                                                  |
|  GPU   GI   CI        PID   Type   Process name                  GPU Memory |
|        ID   ID                                                   Usage      |
|=============================================================================|
|  No running processes found                                                 |
+-----------------------------------------------------------------------------+
Training started.
10:56:04   18/05/22
The number of training points is 202628
The number of validation points is 12665
Epoch [1 / 30]
Training   : Loss=1.26e-02
Validation : Loss=1.29e-02
------------------------------
Epoch [2 / 30]
Training   : Loss=6.36e-03
Validation : Loss=7.42e-03
------------------------------
Epoch [3 / 30]
Training   : Loss=5.48e-03
Validation : Loss=5.99e-03
------------------------------
Epoch [4 / 30]
Training   : Loss=5.40e-03
Validation : Loss=5.90e-03
------------------------------
Epoch [5 / 30]
Training   : Loss=5.26e-03
Validation : Loss=6.03e-03
------------------------------
Epoch [6 / 30]
Training   : Loss=5.07e-03
Validation : Loss=6.16e-03
------------------------------
Epoch [7 / 30]
Training   : Loss=4.96e-03
Validation : Loss=5.91e-03
------------------------------
Epoch [8 / 30]
Training   : Loss=4.75e-03
Validation : Loss=5.65e-03
------------------------------
Epoch [9 / 30]
Training   : Loss=4.63e-03
Validation : Loss=5.78e-03
------------------------------
Epoch [10 / 30]
Training   : Loss=4.37e-03
Validation : Loss=5.74e-03
------------------------------
Epoch [11 / 30]
Training   : Loss=4.09e-03
Validation : Loss=5.46e-03
------------------------------
Epoch [12 / 30]
Training   : Loss=3.92e-03
Validation : Loss=5.32e-03
------------------------------
Epoch [13 / 30]
Training   : Loss=3.68e-03
Validation : Loss=5.53e-03
------------------------------
Epoch [14 / 30]
Training   : Loss=3.46e-03
Validation : Loss=5.37e-03
------------------------------
Epoch [15 / 30]
Training   : Loss=3.23e-03
Validation : Loss=5.29e-03
------------------------------
Epoch [16 / 30]
Training   : Loss=3.00e-03
Validation : Loss=5.41e-03
------------------------------
Epoch [17 / 30]
Training   : Loss=2.82e-03
Validation : Loss=5.50e-03
------------------------------
Epoch [18 / 30]
Training   : Loss=2.63e-03
Validation : Loss=5.52e-03
------------------------------
Epoch [19 / 30]
Training   : Loss=2.47e-03
Validation : Loss=5.35e-03
------------------------------
Epoch [20 / 30]
Training   : Loss=2.29e-03
Validation : Loss=5.44e-03
------------------------------
Epoch [21 / 30]
Training   : Loss=2.13e-03
Validation : Loss=5.47e-03
------------------------------
Epoch [22 / 30]
Training   : Loss=1.98e-03
Validation : Loss=5.58e-03
------------------------------
Epoch [23 / 30]
Training   : Loss=1.86e-03
Validation : Loss=5.42e-03
------------------------------
Epoch [24 / 30]
Training   : Loss=1.78e-03
Validation : Loss=5.60e-03
------------------------------
Epoch [25 / 30]
Training   : Loss=1.66e-03
Validation : Loss=5.91e-03
------------------------------
Epoch [26 / 30]
Training   : Loss=1.54e-03
Validation : Loss=5.45e-03
------------------------------
Epoch [27 / 30]
Training   : Loss=1.43e-03
Validation : Loss=5.47e-03
------------------------------
Epoch [28 / 30]
Training   : Loss=1.40e-03
Validation : Loss=5.47e-03
------------------------------
Epoch [29 / 30]
Training   : Loss=1.32e-03
Validation : Loss=5.46e-03
------------------------------
Epoch [30 / 30]
Training   : Loss=1.23e-03
Validation : Loss=5.67e-03
------------------------------

real	4m25.135s
user	3m52.302s
sys	0m11.035s
Training completed.
11:00:29   18/05/22
