Checking GPU
Mon May 23 21:31:53 2022       
+-----------------------------------------------------------------------------+
| NVIDIA-SMI 510.54       Driver Version: 510.54       CUDA Version: 11.6     |
|-------------------------------+----------------------+----------------------+
| GPU  Name        Persistence-M| Bus-Id        Disp.A | Volatile Uncorr. ECC |
| Fan  Temp  Perf  Pwr:Usage/Cap|         Memory-Usage | GPU-Util  Compute M. |
|                               |                      |               MIG M. |
|===============================+======================+======================|
|   0  Tesla V100-PCIE...  On   | 00000000:06:00.0 Off |                    0 |
| N/A   52C    P0    29W / 250W |      0MiB / 32768MiB |      0%      Default |
|                               |                      |                  N/A |
+-------------------------------+----------------------+----------------------+
                                                                               
+-----------------------------------------------------------------------------+
| Processes:                                                                  |
|  GPU   GI   CI        PID   Type   Process name                  GPU Memory |
|        ID   ID                                                   Usage      |
|=============================================================================|
|  No running processes found                                                 |
+-----------------------------------------------------------------------------+
Checking Unloading modules
Loading modules
Training started.
21:31:54   23/05/22
The number of training points is 202628
The number of validation points is 12665
Epoch [1 / 30]
Training   : Loss=6.01e+00
Validation : Loss=6.64e+00
------------------------------
Epoch [2 / 30]
Training   : Loss=4.80e+00
Validation : Loss=5.70e+00
------------------------------
Epoch [3 / 30]
Training   : Loss=4.46e+00
Validation : Loss=5.07e+00
------------------------------
Epoch [4 / 30]
Training   : Loss=4.23e+00
Validation : Loss=4.75e+00
------------------------------
Epoch [5 / 30]
Training   : Loss=3.93e+00
Validation : Loss=4.64e+00
------------------------------
Epoch [6 / 30]
Training   : Loss=3.61e+00
Validation : Loss=4.49e+00
------------------------------
Epoch [7 / 30]
Training   : Loss=3.16e+00
Validation : Loss=4.46e+00
------------------------------
Epoch [8 / 30]
Training   : Loss=2.76e+00
Validation : Loss=4.33e+00
------------------------------
Epoch [9 / 30]
Training   : Loss=2.50e+00
Validation : Loss=4.11e+00
------------------------------
Epoch [10 / 30]
Training   : Loss=2.27e+00
Validation : Loss=4.26e+00
------------------------------
Epoch [11 / 30]
Training   : Loss=2.06e+00
Validation : Loss=4.11e+00
------------------------------
Epoch [12 / 30]
Training   : Loss=1.90e+00
Validation : Loss=4.10e+00
------------------------------
Epoch [13 / 30]
Training   : Loss=1.77e+00
Validation : Loss=4.08e+00
------------------------------
Epoch [14 / 30]
Training   : Loss=1.64e+00
Validation : Loss=4.09e+00
------------------------------
Epoch [15 / 30]
Training   : Loss=1.53e+00
Validation : Loss=3.99e+00
------------------------------
Epoch [16 / 30]
Training   : Loss=1.43e+00
Validation : Loss=4.09e+00
------------------------------
Epoch [17 / 30]
Training   : Loss=1.34e+00
Validation : Loss=4.06e+00
------------------------------
Epoch [18 / 30]
Training   : Loss=1.24e+00
Validation : Loss=4.02e+00
------------------------------
Epoch [19 / 30]
Training   : Loss=1.17e+00
Validation : Loss=4.05e+00
------------------------------
Epoch [20 / 30]
Training   : Loss=1.11e+00
Validation : Loss=4.17e+00
------------------------------
Epoch [21 / 30]
Training   : Loss=1.05e+00
Validation : Loss=3.98e+00
------------------------------
Epoch [22 / 30]
Training   : Loss=9.83e-01
Validation : Loss=4.00e+00
------------------------------
Epoch [23 / 30]
Training   : Loss=9.20e-01
Validation : Loss=4.01e+00
------------------------------
Epoch [24 / 30]
Training   : Loss=8.63e-01
Validation : Loss=4.04e+00
------------------------------
Epoch [25 / 30]
Training   : Loss=8.39e-01
Validation : Loss=4.09e+00
------------------------------
Epoch [26 / 30]
Training   : Loss=8.00e-01
Validation : Loss=4.02e+00
------------------------------
Epoch [27 / 30]
Training   : Loss=7.65e-01
Validation : Loss=3.97e+00
------------------------------
Epoch [28 / 30]
Training   : Loss=7.30e-01
Validation : Loss=3.96e+00
------------------------------
Epoch [29 / 30]
Training   : Loss=7.09e-01
Validation : Loss=4.02e+00
------------------------------
Epoch [30 / 30]
Training   : Loss=6.88e-01
Validation : Loss=4.01e+00
------------------------------

real	6m22.081s
user	4m59.348s
sys	0m8.162s
Training completed.
21:38:17   23/05/22
/var/spool/slurmd/job801052/slurm_script: line 33: gp: command not found
