Wed May 25 06:32:44 2022       
+-----------------------------------------------------------------------------+
| NVIDIA-SMI 510.54       Driver Version: 510.54       CUDA Version: 11.6     |
|-------------------------------+----------------------+----------------------+
| GPU  Name        Persistence-M| Bus-Id        Disp.A | Volatile Uncorr. ECC |
| Fan  Temp  Perf  Pwr:Usage/Cap|         Memory-Usage | GPU-Util  Compute M. |
|                               |                      |               MIG M. |
|===============================+======================+======================|
|   0  Tesla V100-SXM2...  On   | 00000000:0A:00.0 Off |                    0 |
| N/A   32C    P0    42W / 163W |      0MiB / 32768MiB |      0%      Default |
|                               |                      |                  N/A |
+-------------------------------+----------------------+----------------------+
|   1  Tesla V100-SXM2...  On   | 00000000:0B:00.0 Off |                    0 |
| N/A   29C    P0    41W / 163W |      0MiB / 32768MiB |      0%      Default |
|                               |                      |                  N/A |
+-------------------------------+----------------------+----------------------+
|   2  Tesla V100-SXM2...  On   | 00000000:85:00.0 Off |                    0 |
| N/A   27C    P0    42W / 163W |      0MiB / 32768MiB |      0%      Default |
|                               |                      |                  N/A |
+-------------------------------+----------------------+----------------------+
|   3  Tesla V100-SXM2...  On   | 00000000:86:00.0 Off |                    0 |
| N/A   29C    P0    42W / 163W |      0MiB / 32768MiB |      0%      Default |
|                               |                      |                  N/A |
+-------------------------------+----------------------+----------------------+
                                                                               
+-----------------------------------------------------------------------------+
| Processes:                                                                  |
|  GPU   GI   CI        PID   Type   Process name                  GPU Memory |
|        ID   ID                                                   Usage      |
|=============================================================================|
|  No running processes found                                                 |
+-----------------------------------------------------------------------------+
Training started.
06:32:46   25/05/22
The number of training points is 202628
The number of validation points is 12665
Epoch [1 / 30]
Training   : Loss=4.99e-03
Validation : Loss=5.43e-03
------------------------------
Epoch [2 / 30]
Training   : Loss=4.71e-03
Validation : Loss=4.72e-03
------------------------------
Epoch [3 / 30]
Training   : Loss=4.64e-03
Validation : Loss=4.67e-03
------------------------------
Epoch [4 / 30]
Training   : Loss=4.61e-03
Validation : Loss=4.61e-03
------------------------------
Epoch [5 / 30]
Training   : Loss=4.59e-03
Validation : Loss=4.60e-03
------------------------------
Epoch [6 / 30]
Training   : Loss=4.56e-03
Validation : Loss=4.52e-03
------------------------------
Epoch [7 / 30]
Training   : Loss=4.53e-03
Validation : Loss=4.45e-03
------------------------------
Epoch [8 / 30]
Training   : Loss=4.51e-03
Validation : Loss=4.59e-03
------------------------------
Epoch [9 / 30]
Training   : Loss=4.49e-03
Validation : Loss=4.49e-03
------------------------------
Epoch [10 / 30]
Training   : Loss=4.47e-03
Validation : Loss=4.47e-03
------------------------------
Epoch [11 / 30]
Training   : Loss=4.45e-03
Validation : Loss=4.42e-03
------------------------------
Epoch [12 / 30]
Training   : Loss=4.44e-03
Validation : Loss=4.40e-03
------------------------------
Epoch [13 / 30]
Training   : Loss=4.43e-03
Validation : Loss=4.43e-03
------------------------------
Epoch [14 / 30]
Training   : Loss=4.40e-03
Validation : Loss=4.44e-03
------------------------------
Epoch [15 / 30]
Training   : Loss=4.39e-03
Validation : Loss=4.43e-03
------------------------------
Epoch [16 / 30]
Training   : Loss=4.37e-03
Validation : Loss=4.40e-03
------------------------------
Epoch [17 / 30]
Training   : Loss=4.35e-03
Validation : Loss=4.44e-03
------------------------------
Epoch [18 / 30]
Training   : Loss=4.33e-03
Validation : Loss=4.45e-03
------------------------------
Epoch [19 / 30]
Training   : Loss=4.30e-03
Validation : Loss=4.44e-03
------------------------------
Epoch [20 / 30]
Training   : Loss=4.28e-03
Validation : Loss=4.45e-03
------------------------------
Epoch [21 / 30]
Training   : Loss=4.26e-03
Validation : Loss=4.51e-03
------------------------------
Epoch [22 / 30]
Training   : Loss=4.24e-03
Validation : Loss=4.48e-03
------------------------------
Epoch [23 / 30]
Training   : Loss=4.21e-03
Validation : Loss=4.51e-03
------------------------------
Epoch [24 / 30]
Training   : Loss=4.20e-03
Validation : Loss=4.65e-03
------------------------------
Epoch [25 / 30]
Training   : Loss=4.18e-03
Validation : Loss=4.53e-03
------------------------------
Epoch [26 / 30]
Training   : Loss=4.17e-03
Validation : Loss=4.53e-03
------------------------------
Epoch [27 / 30]
Training   : Loss=4.16e-03
Validation : Loss=4.59e-03
------------------------------
Epoch [28 / 30]
Training   : Loss=4.14e-03
Validation : Loss=4.60e-03
------------------------------
Epoch [29 / 30]
Training   : Loss=4.13e-03
Validation : Loss=4.59e-03
------------------------------
Epoch [30 / 30]
Training   : Loss=4.13e-03
Validation : Loss=4.52e-03
------------------------------

real	6057m56.979s
user	1323m6.098s
sys	51m14.701s
Training completed.
11:30:43   29/05/22
