Wed May 25 06:27:37 2022       
+-----------------------------------------------------------------------------+
| NVIDIA-SMI 510.54       Driver Version: 510.54       CUDA Version: 11.6     |
|-------------------------------+----------------------+----------------------+
| GPU  Name        Persistence-M| Bus-Id        Disp.A | Volatile Uncorr. ECC |
| Fan  Temp  Perf  Pwr:Usage/Cap|         Memory-Usage | GPU-Util  Compute M. |
|                               |                      |               MIG M. |
|===============================+======================+======================|
|   0  Tesla V100-SXM2...  On   | 00000000:0A:00.0 Off |                    0 |
| N/A   32C    P0    42W / 163W |      0MiB / 32768MiB |      0%      Default |
|                               |                      |                  N/A |
+-------------------------------+----------------------+----------------------+
|   1  Tesla V100-SXM2...  On   | 00000000:0B:00.0 Off |                    0 |
| N/A   28C    P0    41W / 163W |      0MiB / 32768MiB |      0%      Default |
|                               |                      |                  N/A |
+-------------------------------+----------------------+----------------------+
|   2  Tesla V100-SXM2...  On   | 00000000:85:00.0 Off |                    0 |
| N/A   27C    P0    42W / 163W |      0MiB / 32768MiB |      0%      Default |
|                               |                      |                  N/A |
+-------------------------------+----------------------+----------------------+
|   3  Tesla V100-SXM2...  On   | 00000000:86:00.0 Off |                    0 |
| N/A   29C    P0    42W / 163W |      0MiB / 32768MiB |      0%      Default |
|                               |                      |                  N/A |
+-------------------------------+----------------------+----------------------+
                                                                               
+-----------------------------------------------------------------------------+
| Processes:                                                                  |
|  GPU   GI   CI        PID   Type   Process name                  GPU Memory |
|        ID   ID                                                   Usage      |
|=============================================================================|
|  No running processes found                                                 |
+-----------------------------------------------------------------------------+
Training started.
06:27:39   25/05/22
Traceback (most recent call last):
  File "/home/phys2286/projects/MTL/train_MTL.py", line 23, in <module>
    model_path = '/data/phys-zooniverse/phys2286/Models/mtl-models-' + time.strptime("%Y-%m-%d") + '/'
  File "/data/phys-zooniverse/phys2286/pytorch-env39/lib/python3.9/_strptime.py", line 562, in _strptime_time
    tt = _strptime(data_string, format)[0]
  File "/data/phys-zooniverse/phys2286/pytorch-env39/lib/python3.9/_strptime.py", line 349, in _strptime
    raise ValueError("time data %r does not match format %r" %
ValueError: time data '%Y-%m-%d' does not match format '%a %b %d %H:%M:%S %Y'

real	0m2.082s
user	0m1.063s
sys	0m0.257s
Training completed.
06:27:41   25/05/22
