Starting Multitask
Thu Jun  2 06:57:34 2022       
+-----------------------------------------------------------------------------+
| NVIDIA-SMI 510.54       Driver Version: 510.54       CUDA Version: 11.6     |
|-------------------------------+----------------------+----------------------+
| GPU  Name        Persistence-M| Bus-Id        Disp.A | Volatile Uncorr. ECC |
| Fan  Temp  Perf  Pwr:Usage/Cap|         Memory-Usage | GPU-Util  Compute M. |
|                               |                      |               MIG M. |
|===============================+======================+======================|
|   0  Tesla V100-SXM2...  On   | 00000000:0A:00.0 Off |                    0 |
| N/A   32C    P0    42W / 163W |      0MiB / 32768MiB |      0%      Default |
|                               |                      |                  N/A |
+-------------------------------+----------------------+----------------------+
|   1  Tesla V100-SXM2...  On   | 00000000:0B:00.0 Off |                    0 |
| N/A   29C    P0    42W / 163W |      0MiB / 32768MiB |      0%      Default |
|                               |                      |                  N/A |
+-------------------------------+----------------------+----------------------+
|   2  Tesla V100-SXM2...  On   | 00000000:86:00.0 Off |                    0 |
| N/A   32C    P0    40W / 163W |      0MiB / 32768MiB |      0%      Default |
|                               |                      |                  N/A |
+-------------------------------+----------------------+----------------------+
|   3  Tesla V100-SXM2...  On   | 00000000:89:00.0 Off |                    0 |
| N/A   35C    P0    45W / 163W |      0MiB / 32768MiB |      0%      Default |
|                               |                      |                  N/A |
+-------------------------------+----------------------+----------------------+
                                                                               
+-----------------------------------------------------------------------------+
| Processes:                                                                  |
|  GPU   GI   CI        PID   Type   Process name                  GPU Memory |
|        ID   ID                                                   Usage      |
|=============================================================================|
|  No running processes found                                                 |
+-----------------------------------------------------------------------------+
Training started.
06:57:36   02/06/22
The number of training points is 202628
The number of validation points is 12665
Epoch [1 / 30]
Training   : Loss=3.33e+00
Validation : Loss=3.54e+00
------------------------------
Epoch [2 / 30]
Training   : Loss=3.08e+00
Validation : Loss=3.43e+00
------------------------------
Epoch [3 / 30]
Training   : Loss=2.99e+00
Validation : Loss=3.55e+00
------------------------------
Epoch [4 / 30]
Training   : Loss=2.91e+00
Validation : Loss=3.36e+00
------------------------------
Epoch [5 / 30]
Training   : Loss=2.81e+00
Validation : Loss=3.30e+00
------------------------------
Epoch [6 / 30]
Training   : Loss=2.67e+00
Validation : Loss=3.53e+00
------------------------------
Epoch [7 / 30]
Training   : Loss=2.49e+00
Validation : Loss=3.46e+00
------------------------------
Epoch [8 / 30]
Training   : Loss=2.29e+00
Validation : Loss=3.72e+00
------------------------------
Epoch [9 / 30]
Training   : Loss=2.11e+00
Validation : Loss=3.82e+00
------------------------------
Epoch [10 / 30]
Training   : Loss=1.97e+00
Validation : Loss=3.97e+00
------------------------------
Epoch [11 / 30]
Training   : Loss=1.84e+00
Validation : Loss=4.06e+00
------------------------------
Epoch [12 / 30]
Training   : Loss=1.73e+00
Validation : Loss=4.09e+00
------------------------------
Epoch [13 / 30]
Training   : Loss=1.62e+00
Validation : Loss=4.20e+00
------------------------------
Epoch [14 / 30]
Training   : Loss=1.52e+00
Validation : Loss=4.20e+00
------------------------------
Epoch [15 / 30]
Training   : Loss=1.43e+00
Validation : Loss=4.64e+00
------------------------------
Epoch [16 / 30]
Training   : Loss=1.35e+00
Validation : Loss=4.41e+00
------------------------------
Epoch [17 / 30]
Training   : Loss=1.28e+00
Validation : Loss=4.61e+00
------------------------------
Epoch [18 / 30]
Training   : Loss=1.21e+00
Validation : Loss=4.68e+00
------------------------------
Epoch [19 / 30]
Training   : Loss=1.14e+00
Validation : Loss=4.85e+00
------------------------------
Epoch [20 / 30]
Training   : Loss=1.08e+00
Validation : Loss=5.03e+00
------------------------------
Epoch [21 / 30]
Training   : Loss=1.02e+00
Validation : Loss=5.07e+00
------------------------------
Epoch [22 / 30]
Training   : Loss=9.71e-01
Validation : Loss=5.12e+00
------------------------------
Epoch [23 / 30]
Training   : Loss=9.16e-01
Validation : Loss=5.26e+00
------------------------------
Epoch [24 / 30]
Training   : Loss=8.70e-01
Validation : Loss=5.91e+00
------------------------------
Epoch [25 / 30]
Training   : Loss=8.28e-01
Validation : Loss=5.40e+00
------------------------------
Epoch [26 / 30]
Training   : Loss=7.85e-01
Validation : Loss=5.63e+00
------------------------------
Epoch [27 / 30]
Training   : Loss=7.46e-01
Validation : Loss=5.48e+00
------------------------------
Epoch [28 / 30]
Training   : Loss=7.14e-01
Validation : Loss=6.17e+00
------------------------------
Epoch [29 / 30]
Training   : Loss=6.84e-01
Validation : Loss=5.65e+00
------------------------------
Epoch [30 / 30]
Training   : Loss=6.53e-01
Validation : Loss=6.25e+00
------------------------------

real	6914m33.412s
user	1885m20.073s
sys	97m9.332s
Training completed.
02:12:10   07/06/22
