Multitask Weighted Loss
Tue Jun 14 07:17:39 2022       
+-----------------------------------------------------------------------------+
| NVIDIA-SMI 510.54       Driver Version: 510.54       CUDA Version: 11.6     |
|-------------------------------+----------------------+----------------------+
| GPU  Name        Persistence-M| Bus-Id        Disp.A | Volatile Uncorr. ECC |
| Fan  Temp  Perf  Pwr:Usage/Cap|         Memory-Usage | GPU-Util  Compute M. |
|                               |                      |               MIG M. |
|===============================+======================+======================|
|   0  Tesla V100-SXM2...  On   | 00000000:06:00.0 Off |                    0 |
| N/A   36C    P0    48W / 163W |  29598MiB / 32768MiB |      0%      Default |
|                               |                      |                  N/A |
+-------------------------------+----------------------+----------------------+
|   1  Tesla V100-SXM2...  On   | 00000000:07:00.0 Off |                    0 |
| N/A   38C    P0    49W / 163W |    310MiB / 32768MiB |      0%      Default |
|                               |                      |                  N/A |
+-------------------------------+----------------------+----------------------+
|   2  Tesla V100-SXM2...  On   | 00000000:89:00.0 Off |                    0 |
| N/A   39C    P0    48W / 163W |    310MiB / 32768MiB |      0%      Default |
|                               |                      |                  N/A |
+-------------------------------+----------------------+----------------------+
|   3  Tesla V100-SXM2...  On   | 00000000:8A:00.0 Off |                    0 |
| N/A   39C    P0    48W / 163W |    310MiB / 32768MiB |      0%      Default |
|                               |                      |                  N/A |
+-------------------------------+----------------------+----------------------+
                                                                               
+-----------------------------------------------------------------------------+
| Processes:                                                                  |
|  GPU   GI   CI        PID   Type   Process name                  GPU Memory |
|        ID   ID                                                   Usage      |
|=============================================================================|
|    0   N/A  N/A   3217230      C   ...5691/conda/vcd/bin/python    29593MiB |
|    1   N/A  N/A   3217230      C   ...5691/conda/vcd/bin/python      305MiB |
|    2   N/A  N/A   3217230      C   ...5691/conda/vcd/bin/python      305MiB |
|    3   N/A  N/A   3217230      C   ...5691/conda/vcd/bin/python      305MiB |
+-----------------------------------------------------------------------------+
/data/phys-zooniverse/phys2286/pytorch-env39/bin/python
Training started.
07:17:42   14/06/22
The number of training points is 202628
The number of validation points is 12665
Epoch [1 / 30]
Training   : Loss=4.34e-02
Validation : Loss=4.81e-02
------------------------------
Epoch [2 / 30]
Training   : Loss=4.08e-02
Validation : Loss=4.94e-02
------------------------------
Epoch [3 / 30]
Training   : Loss=3.99e-02
Validation : Loss=4.82e-02
------------------------------
Epoch [4 / 30]
Training   : Loss=3.92e-02
Validation : Loss=4.53e-02
------------------------------
Epoch [5 / 30]
Training   : Loss=3.86e-02
Validation : Loss=4.65e-02
------------------------------
Epoch [6 / 30]
Training   : Loss=3.81e-02
Validation : Loss=4.58e-02
------------------------------
Epoch [7 / 30]
Training   : Loss=3.74e-02
Validation : Loss=4.61e-02
------------------------------
Epoch [8 / 30]
Training   : Loss=3.66e-02
Validation : Loss=4.65e-02
------------------------------
Epoch [9 / 30]
Training   : Loss=3.54e-02
Validation : Loss=4.70e-02
------------------------------
Epoch [10 / 30]
Training   : Loss=3.41e-02
Validation : Loss=4.65e-02
------------------------------
Epoch [11 / 30]
Training   : Loss=3.27e-02
Validation : Loss=4.80e-02
------------------------------
Epoch [12 / 30]
Training   : Loss=3.14e-02
Validation : Loss=4.74e-02
------------------------------
Epoch [13 / 30]
Training   : Loss=3.00e-02
Validation : Loss=4.82e-02
------------------------------
Epoch [14 / 30]
Training   : Loss=2.88e-02
Validation : Loss=5.01e-02
------------------------------
Epoch [15 / 30]
Training   : Loss=2.76e-02
Validation : Loss=5.14e-02
------------------------------
Epoch [16 / 30]
Training   : Loss=2.66e-02
Validation : Loss=5.22e-02
------------------------------
Epoch [17 / 30]
Training   : Loss=2.60e-02
Validation : Loss=5.29e-02
------------------------------
Epoch [18 / 30]
Training   : Loss=2.52e-02
Validation : Loss=5.33e-02
------------------------------
Epoch [19 / 30]
Training   : Loss=2.46e-02
Validation : Loss=5.33e-02
------------------------------
Epoch [20 / 30]
Training   : Loss=2.40e-02
Validation : Loss=5.49e-02
------------------------------
Epoch [21 / 30]
Training   : Loss=2.34e-02
Validation : Loss=5.58e-02
------------------------------
Epoch [22 / 30]
Training   : Loss=2.29e-02
Validation : Loss=5.60e-02
------------------------------
Epoch [23 / 30]
Training   : Loss=2.24e-02
Validation : Loss=5.52e-02
------------------------------
Epoch [24 / 30]
Training   : Loss=2.18e-02
Validation : Loss=5.65e-02
------------------------------
Epoch [25 / 30]
Training   : Loss=2.14e-02
Validation : Loss=5.57e-02
------------------------------
Epoch [26 / 30]
Training   : Loss=2.09e-02
Validation : Loss=5.74e-02
------------------------------
Epoch [27 / 30]
Training   : Loss=2.05e-02
Validation : Loss=5.66e-02
------------------------------
Epoch [28 / 30]
Training   : Loss=2.00e-02
Validation : Loss=6.18e-02
------------------------------
Epoch [29 / 30]
Training   : Loss=1.96e-02
Validation : Loss=6.03e-02
------------------------------
Epoch [30 / 30]
Training   : Loss=1.92e-02
Validation : Loss=5.96e-02
------------------------------

real	5301m36.928s
user	1846m15.792s
sys	27m9.475s
Training completed.
23:39:19   17/06/22
