Sat May 21 18:09:29 2022       
+-----------------------------------------------------------------------------+
| NVIDIA-SMI 510.54       Driver Version: 510.54       CUDA Version: 11.6     |
|-------------------------------+----------------------+----------------------+
| GPU  Name        Persistence-M| Bus-Id        Disp.A | Volatile Uncorr. ECC |
| Fan  Temp  Perf  Pwr:Usage/Cap|         Memory-Usage | GPU-Util  Compute M. |
|                               |                      |               MIG M. |
|===============================+======================+======================|
|   0  Tesla V100-PCIE...  On   | 00000000:06:00.0 Off |                    0 |
| N/A   37C    P0    25W / 250W |      0MiB / 32768MiB |      0%      Default |
|                               |                      |                  N/A |
+-------------------------------+----------------------+----------------------+
                                                                               
+-----------------------------------------------------------------------------+
| Processes:                                                                  |
|  GPU   GI   CI        PID   Type   Process name                  GPU Memory |
|        ID   ID                                                   Usage      |
|=============================================================================|
|  No running processes found                                                 |
+-----------------------------------------------------------------------------+
Training started.
18:09:30   21/05/22
The number of training points is 202628
The number of validation points is 12665
Epoch [1 / 30]
Training   : Loss=6.23e+00
Validation : Loss=6.75e+00
------------------------------
Epoch [2 / 30]
Training   : Loss=4.77e+00
Validation : Loss=5.91e+00
------------------------------
Epoch [3 / 30]
Training   : Loss=4.44e+00
Validation : Loss=5.18e+00
------------------------------
Epoch [4 / 30]
Training   : Loss=4.18e+00
Validation : Loss=4.84e+00
------------------------------
Epoch [5 / 30]
Training   : Loss=3.90e+00
Validation : Loss=4.61e+00
------------------------------
Epoch [6 / 30]
Training   : Loss=3.63e+00
Validation : Loss=4.53e+00
------------------------------
Epoch [7 / 30]
Training   : Loss=3.25e+00
Validation : Loss=4.46e+00
------------------------------
Epoch [8 / 30]
Training   : Loss=2.83e+00
Validation : Loss=4.61e+00
------------------------------
Epoch [9 / 30]
Training   : Loss=2.55e+00
Validation : Loss=4.49e+00
------------------------------
Epoch [10 / 30]
Training   : Loss=2.34e+00
Validation : Loss=4.21e+00
------------------------------
Epoch [11 / 30]
Training   : Loss=2.12e+00
Validation : Loss=4.19e+00
------------------------------
Epoch [12 / 30]
Training   : Loss=1.93e+00
Validation : Loss=4.23e+00
------------------------------
Epoch [13 / 30]
Training   : Loss=1.80e+00
Validation : Loss=4.21e+00
------------------------------
Epoch [14 / 30]
Training   : Loss=1.68e+00
Validation : Loss=4.22e+00
------------------------------
Epoch [15 / 30]
Training   : Loss=1.54e+00
Validation : Loss=4.16e+00
------------------------------
Epoch [16 / 30]
Training   : Loss=1.45e+00
Validation : Loss=4.12e+00
------------------------------
Epoch [17 / 30]
Training   : Loss=1.34e+00
Validation : Loss=4.15e+00
------------------------------
Epoch [18 / 30]
Training   : Loss=1.26e+00
Validation : Loss=4.29e+00
------------------------------
Epoch [19 / 30]
Training   : Loss=1.17e+00
Validation : Loss=4.17e+00
------------------------------
Epoch [20 / 30]
Training   : Loss=1.13e+00
Validation : Loss=4.16e+00
------------------------------
Epoch [21 / 30]
Training   : Loss=1.04e+00
Validation : Loss=4.14e+00
------------------------------
Epoch [22 / 30]
Training   : Loss=9.93e-01
Validation : Loss=4.24e+00
------------------------------
Epoch [23 / 30]
Training   : Loss=9.43e-01
Validation : Loss=4.14e+00
------------------------------
Epoch [24 / 30]
Training   : Loss=8.83e-01
Validation : Loss=4.17e+00
------------------------------
Epoch [25 / 30]
Training   : Loss=8.54e-01
Validation : Loss=4.15e+00
------------------------------
Epoch [26 / 30]
Training   : Loss=8.03e-01
Validation : Loss=4.17e+00
------------------------------
Epoch [27 / 30]
Training   : Loss=7.77e-01
Validation : Loss=4.18e+00
------------------------------
Epoch [28 / 30]
Training   : Loss=7.41e-01
Validation : Loss=4.16e+00
------------------------------
Epoch [29 / 30]
Training   : Loss=7.03e-01
Validation : Loss=4.19e+00
------------------------------
Epoch [30 / 30]
Training   : Loss=6.71e-01
Validation : Loss=4.35e+00
------------------------------

real	6m7.014s
user	4m58.994s
sys	0m8.082s
Training completed.
18:15:37   21/05/22
