Multitask Weighted Loss
Tue Jun 14 07:10:12 2022       
+-----------------------------------------------------------------------------+
| NVIDIA-SMI 510.54       Driver Version: 510.54       CUDA Version: 11.6     |
|-------------------------------+----------------------+----------------------+
| GPU  Name        Persistence-M| Bus-Id        Disp.A | Volatile Uncorr. ECC |
| Fan  Temp  Perf  Pwr:Usage/Cap|         Memory-Usage | GPU-Util  Compute M. |
|                               |                      |               MIG M. |
|===============================+======================+======================|
|   0  Tesla V100-PCIE...  On   | 00000000:06:00.0 Off |                    0 |
| N/A   28C    P0    24W / 250W |      0MiB / 32768MiB |      0%      Default |
|                               |                      |                  N/A |
+-------------------------------+----------------------+----------------------+
                                                                               
+-----------------------------------------------------------------------------+
| Processes:                                                                  |
|  GPU   GI   CI        PID   Type   Process name                  GPU Memory |
|        ID   ID                                                   Usage      |
|=============================================================================|
|  No running processes found                                                 |
+-----------------------------------------------------------------------------+
/data/phys-zooniverse/phys2286/pytorch-env39/bin/python
Training started.
07:10:14   14/06/22
The number of training points is 202628
The number of validation points is 12665
Epoch [1 / 30]
Training   : Loss=1.02e-01
Validation : Loss=1.65e-01
------------------------------
Epoch [2 / 30]
Training   : Loss=5.84e-02
Validation : Loss=1.35e-01
------------------------------
Epoch [3 / 30]
Training   : Loss=5.27e-02
Validation : Loss=1.18e-01
------------------------------
Epoch [4 / 30]
Training   : Loss=4.99e-02
Validation : Loss=1.14e-01
------------------------------
Epoch [5 / 30]
Training   : Loss=4.75e-02
Validation : Loss=1.10e-01
------------------------------
Epoch [6 / 30]
Training   : Loss=4.50e-02
Validation : Loss=1.08e-01
------------------------------
Epoch [7 / 30]
Training   : Loss=4.17e-02
Validation : Loss=1.07e-01
------------------------------
Epoch [8 / 30]
Training   : Loss=3.80e-02
Validation : Loss=1.07e-01
------------------------------
Epoch [9 / 30]
Training   : Loss=3.41e-02
Validation : Loss=1.05e-01
------------------------------
Epoch [10 / 30]
Training   : Loss=3.03e-02
Validation : Loss=1.10e-01
------------------------------
Epoch [11 / 30]
Training   : Loss=2.70e-02
Validation : Loss=1.08e-01
------------------------------
Epoch [12 / 30]
Training   : Loss=2.43e-02
Validation : Loss=1.10e-01
------------------------------
Epoch [13 / 30]
Training   : Loss=2.21e-02
Validation : Loss=1.11e-01
------------------------------
Epoch [14 / 30]
Training   : Loss=2.01e-02
Validation : Loss=1.13e-01
------------------------------
Epoch [15 / 30]
Training   : Loss=1.83e-02
Validation : Loss=1.15e-01
------------------------------
Epoch [16 / 30]
Training   : Loss=1.67e-02
Validation : Loss=1.16e-01
------------------------------
Epoch [17 / 30]
Training   : Loss=1.56e-02
Validation : Loss=1.18e-01
------------------------------
Epoch [18 / 30]
Training   : Loss=1.45e-02
Validation : Loss=1.20e-01
------------------------------
Epoch [19 / 30]
Training   : Loss=1.34e-02
Validation : Loss=1.21e-01
------------------------------
Epoch [20 / 30]
Training   : Loss=1.27e-02
Validation : Loss=1.22e-01
------------------------------
Epoch [21 / 30]
Training   : Loss=1.19e-02
Validation : Loss=1.23e-01
------------------------------
Epoch [22 / 30]
Training   : Loss=1.11e-02
Validation : Loss=1.24e-01
------------------------------
Epoch [23 / 30]
Training   : Loss=1.06e-02
Validation : Loss=1.25e-01
------------------------------
Epoch [24 / 30]
Training   : Loss=9.94e-03
Validation : Loss=1.26e-01
------------------------------
Epoch [25 / 30]
Training   : Loss=9.45e-03
Validation : Loss=1.26e-01
------------------------------
Epoch [26 / 30]
Training   : Loss=9.01e-03
Validation : Loss=1.27e-01
------------------------------
Epoch [27 / 30]
Training   : Loss=8.53e-03
Validation : Loss=1.28e-01
------------------------------
Epoch [28 / 30]
Training   : Loss=8.15e-03
Validation : Loss=1.29e-01
------------------------------
Epoch [29 / 30]
Training   : Loss=8.04e-03
Validation : Loss=1.30e-01
------------------------------
Epoch [30 / 30]
Training   : Loss=7.52e-03
Validation : Loss=1.31e-01
------------------------------

real	6m16.807s
user	4m59.729s
sys	0m8.090s
Training completed.
07:16:31   14/06/22
